<?xml version="1.0" encoding="UTF-8"?>
<!-- Generated by org.testng.reporters.JUnitXMLReporter -->
<testsuite hostname="DESKTOP-27L8JE7" ignored="3" name="ChromeTest" tests="0" failures="0" timestamp="2019-12-18T17:30:22 IST" time="0.506" errors="0">
  <testcase name="@BeforeTest startProcess" time="0.0" classname="com.project.BaseTest">
    <ignored/>
  </testcase> <!-- @BeforeTest startProcess -->
  <testcase name="@BeforeTest startProcess" time="0.0" classname="com.project.BaseTest">
    <ignored/>
  </testcase> <!-- @BeforeTest startProcess -->
  <testcase name="@BeforeTest startProcess" time="0.0" classname="com.project.BaseTest">
    <ignored/>
  </testcase> <!-- @BeforeTest startProcess -->
</testsuite> <!-- ChromeTest -->
