<?xml version="1.0" encoding="UTF-8"?>
<!-- Generated by org.testng.reporters.JUnitXMLReporter -->
<testsuite hostname="DESKTOP-27L8JE7" ignored="0" name="ChromeTest" tests="4" failures="0" timestamp="2019-11-28T08:52:13 IST" time="74.819" errors="0">
  <testcase name="checkboxTest" time="0.418" classname="com.testng.CheckBox1"/>
  <testcase name="linktesting1" time="2.068" classname="com.testng.LinksTesting1"/>
  <testcase name="amazon" time="5.314" classname="com.testng.TC_001"/>
  <testcase name="RadioButtonTest" time="0.288" classname="com.testng.RadioButton1"/>
</testsuite> <!-- ChromeTest -->
