<?xml version="1.0" encoding="UTF-8"?>
<!-- Generated by org.testng.reporters.JUnitXMLReporter -->
<testsuite hostname="DESKTOP-27L8JE7" ignored="0" name="FirefoxTest" tests="4" failures="0" timestamp="2019-11-28T08:53:35 IST" time="81.816" errors="0">
  <testcase name="checkboxTest" time="0.465" classname="com.testng.CheckBox1"/>
  <testcase name="linktesting1" time="0.941" classname="com.testng.LinksTesting1"/>
  <testcase name="amazon" time="3.112" classname="com.testng.TC_001"/>
  <testcase name="RadioButtonTest" time="0.65" classname="com.testng.RadioButton1"/>
</testsuite> <!-- FirefoxTest -->
