<?xml version="1.0" encoding="UTF-8"?>
<!-- Generated by org.testng.reporters.JUnitXMLReporter -->
<testsuite hostname="DESKTOP-27L8JE7" ignored="3" name="FirefoxTest" tests="8" failures="0" timestamp="2019-12-18T17:30:22 IST" time="0.498" errors="0">
  <testcase name="@BeforeTest startProcess" time="0.094" classname="com.project.BaseTest">
    <failure type="java.lang.NullPointerException">
      <![CDATA[java.lang.NullPointerException
at java.io.FileInputStream.<init>(FileInputStream.java:130)
at java.io.FileInputStream.<init>(FileInputStream.java:93)
at com.excelDataReader.ExcelAPI.<init>(ExcelAPI.java:33)
at com.project.BaseTest.startProcess(BaseTest.java:43)
at java.util.concurrent.FutureTask.run(FutureTask.java:266)
at java.util.concurrent.ThreadPoolExecutor.runWorker(ThreadPoolExecutor.java:1149)
at java.util.concurrent.ThreadPoolExecutor$Worker.run(ThreadPoolExecutor.java:624)
at java.lang.Thread.run(Thread.java:748)
... Removed 15 stack frames]]>
    </failure>
  </testcase> <!-- @BeforeTest startProcess -->
  <testcase name="@BeforeMethod beforeMethod" time="-1.576670421523E9" classname="com.testng.CheckBox1">
    <skipped/>
  </testcase> <!-- @BeforeMethod beforeMethod -->
  <testcase name="@AfterMethod afterMethod" time="-1.576670421554E9" classname="com.testng.CheckBox1">
    <skipped/>
  </testcase> <!-- @AfterMethod afterMethod -->
  <testcase name="@BeforeMethod setup" time="-1.576670421622E9" classname="com.testng.LinksTesting1">
    <skipped/>
  </testcase> <!-- @BeforeMethod setup -->
  <testcase name="@AfterMethod tearDown" time="-1.576670421651E9" classname="com.testng.LinksTesting1">
    <skipped/>
  </testcase> <!-- @AfterMethod tearDown -->
  <testcase name="@BeforeMethod startProcess" time="-1.576670421669E9" classname="com.testng.TC_001">
    <skipped/>
  </testcase> <!-- @BeforeMethod startProcess -->
  <testcase name="@AfterMethod endProcess" time="-1.576670421732E9" classname="com.testng.TC_001">
    <skipped/>
  </testcase> <!-- @AfterMethod endProcess -->
  <testcase name="@BeforeMethod beforeMethod" time="-1.576670421745E9" classname="com.testng.RadioButton1">
    <skipped/>
  </testcase> <!-- @BeforeMethod beforeMethod -->
  <testcase name="@AfterMethod afterMethod" time="-1.576670421773E9" classname="com.testng.RadioButton1">
    <skipped/>
  </testcase> <!-- @AfterMethod afterMethod -->
  <testcase name="checkboxTest" time="0.0" classname="com.testng.CheckBox1">
    <skipped/>
  </testcase> <!-- checkboxTest -->
  <testcase name="checkboxTest" time="0.0" classname="com.testng.CheckBox1">
    <skipped/>
  </testcase> <!-- checkboxTest -->
  <testcase name="linktesting1" time="0.0" classname="com.testng.LinksTesting1">
    <skipped/>
  </testcase> <!-- linktesting1 -->
  <testcase name="linktesting1" time="0.0" classname="com.testng.LinksTesting1">
    <skipped/>
  </testcase> <!-- linktesting1 -->
  <testcase name="amazon" time="0.0" classname="com.testng.TC_001">
    <skipped/>
  </testcase> <!-- amazon -->
  <testcase name="amazon" time="0.0" classname="com.testng.TC_001">
    <skipped/>
  </testcase> <!-- amazon -->
  <testcase name="RadioButtonTest" time="0.0" classname="com.testng.RadioButton1">
    <skipped/>
  </testcase> <!-- RadioButtonTest -->
  <testcase name="RadioButtonTest" time="0.0" classname="com.testng.RadioButton1">
    <skipped/>
  </testcase> <!-- RadioButtonTest -->
  <testcase name="@BeforeTest startProcess" time="0.0" classname="com.project.BaseTest">
    <ignored/>
  </testcase> <!-- @BeforeTest startProcess -->
  <testcase name="@BeforeTest startProcess" time="0.0" classname="com.project.BaseTest">
    <ignored/>
  </testcase> <!-- @BeforeTest startProcess -->
  <testcase name="@BeforeTest startProcess" time="0.0" classname="com.project.BaseTest">
    <ignored/>
  </testcase> <!-- @BeforeTest startProcess -->
</testsuite> <!-- FirefoxTest -->
