<?xml version="1.0" encoding="UTF-8"?>
<!-- Generated by org.testng.reporters.JUnitXMLReporter -->
<testsuite hostname="DESKTOP-27L8JE7" ignored="0" name="Test" tests="4" failures="0" timestamp="2019-11-29T08:25:43 IST" time="124.273" errors="0">
  <testcase name="checkboxTest" time="0.307" classname="com.testng.CheckBox1"/>
  <testcase name="linktesting1" time="1.805" classname="com.testng.LinksTesting1"/>
  <testcase name="amazon" time="5.699" classname="com.testng.TC_001"/>
  <testcase name="RadioButtonTest" time="0.29" classname="com.testng.RadioButton1"/>
</testsuite> <!-- Test -->
