<?xml version="1.0" encoding="UTF-8"?>
<testng-results skipped="0" failed="0" ignored="0" total="1" passed="1">
  <reporter-output>
  </reporter-output>
  <suite name="Suite" duration-ms="29650" started-at="2019-12-20T08:45:45 IST" finished-at="2019-12-20T08:46:14 IST">
    <groups>
      <group name="regression">
        <method signature="TC_001.amazon()[pri:0, instance:com.testng.TC_001@15bfd87]" name="amazon" class="com.testng.TC_001"/>
      </group> <!-- regression -->
      <group name="sanity">
        <method signature="TC_001.amazon()[pri:0, instance:com.testng.TC_001@15bfd87]" name="amazon" class="com.testng.TC_001"/>
      </group> <!-- sanity -->
    </groups>
    <test name="Test" duration-ms="29650" started-at="2019-12-20T08:45:45 IST" finished-at="2019-12-20T08:46:14 IST">
      <class name="com.testng.TC_001">
        <test-method status="PASS" signature="startProcess()[pri:0, instance:com.testng.TC_001@15bfd87]" name="startProcess" is-config="true" duration-ms="1884" started-at="2019-12-20T08:45:45 IST" finished-at="2019-12-20T08:45:47 IST">
          <reporter-output>
          </reporter-output>
        </test-method> <!-- startProcess -->
        <test-method status="PASS" signature="startProcess(java.lang.String)[pri:0, instance:com.testng.TC_001@15bfd87]" name="startProcess" is-config="true" duration-ms="19461" started-at="2019-12-20T08:45:47 IST" finished-at="2019-12-20T08:46:06 IST">
          <params>
            <param index="0">
              <value>
                <![CDATA[chrome]]>
              </value>
            </param>
          </params>
          <reporter-output>
          </reporter-output>
        </test-method> <!-- startProcess -->
        <test-method status="PASS" signature="amazon()[pri:0, instance:com.testng.TC_001@15bfd87]" name="amazon" duration-ms="6035" started-at="2019-12-20T08:46:06 IST" finished-at="2019-12-20T08:46:12 IST">
          <reporter-output>
          </reporter-output>
        </test-method> <!-- amazon -->
        <test-method status="PASS" signature="endProcess()[pri:0, instance:com.testng.TC_001@15bfd87]" name="endProcess" is-config="true" duration-ms="2197" started-at="2019-12-20T08:46:12 IST" finished-at="2019-12-20T08:46:14 IST">
          <reporter-output>
          </reporter-output>
        </test-method> <!-- endProcess -->
      </class> <!-- com.testng.TC_001 -->
    </test> <!-- Test -->
  </suite> <!-- Suite -->
</testng-results>
